Fri Dec 14, 12-11-27 : Starting run
Fri Dec 14, 12-12-55 : .txt is not in the mime-map for META-INF/varience.txt in 9780061736827 current File count = 9
Fri Dec 14, 12-15-01 : key page Not Found for ISBN 9780007506811
Fri Dec 14, 12-15-07 : .db is not in the mime-map for OEBPS/Images/Thumbs.db in 9780061743177 current File count = 19
Fri Dec 14, 12-20-23 : key page Not Found for ISBN 9780061742095
Fri Dec 14, 12-30-45 : key page Not Found for ISBN 9780061741005
Fri Dec 14, 12-32-13 : key page Not Found for ISBN 9780061739101
Fri Dec 14, 12-35-17 : key page Not Found for ISBN 9780061740435
Fri Dec 14, 12-48-20 : .db is not in the mime-map for OPS/Thumbs.db in 9780061738715 current File count = 199
Fri Dec 14, 12-49-44 : .db is not in the mime-map for OPS/images/Thumbs.db in 9780061745225 current File count = 209
Fri Dec 14, 12-49-49 : key page Not Found for ISBN 9780061745225
Fri Dec 14, 13-01-30 : key page Not Found for ISBN 9780061744419
Fri Dec 14, 13-07-31 : key page Not Found for ISBN 9780061739316
Fri Dec 14, 13-11-14 : key page Not Found for ISBN 9780061741340
Fri Dec 14, 13-11-41 : key page Not Found for ISBN 9780007506842
Fri Dec 14, 13-26-08 : .bak is not in the mime-map for META-INF/encryption.xml.bak in 9780007510061 current File count = 394
Fri Dec 14, 13-26-27 : key page Not Found for ISBN 9780007510061
Fri Dec 14, 13-27-43 : key page Not Found for ISBN 9780061000799
Fri Dec 14, 13-30-15 : key page Not Found for ISBN 9780061742729
Fri Dec 14, 13-42-31 : key page Not Found for ISBN 9780061739644
Fri Dec 14, 13-46-40 : key page Not Found for ISBN 9780061736711
Fri Dec 14, 13-50-14 : key page Not Found for ISBN 9780061740619
Fri Dec 14, 13-53-22 : key page Not Found for ISBN 9780061741524
Fri Dec 14, 14-08-13 : key page Not Found for ISBN 9780061741784
Fri Dec 14, 14-10-13 : key page Not Found for ISBN 9780061741722
Fri Dec 14, 14-13-24 : key page Not Found for ISBN 9780007506972
Fri Dec 14, 14-17-01 : key page Not Found for ISBN 9780007510061
Fri Dec 14, 14-21-11 : key page Not Found for ISBN 9780007506774
Fri Dec 14, 14-22-40 : key page Not Found for ISBN 9780061743306
Fri Dec 14, 14-22-57 : key page Not Found for ISBN 9780061744327
Fri Dec 14, 14-24-26 : key page Not Found for ISBN 9780061741104
Fri Dec 14, 14-30-04 : key page Not Found for ISBN 9780061740756
Fri Dec 14, 14-30-12 : key page Not Found for ISBN 9780007506859
Fri Dec 14, 14-31-07 : key page Not Found for ISBN 9780061744457
Fri Dec 14, 14-33-09 : key page Not Found for ISBN 9780061741067
Fri Dec 14, 14-35-52 : key page Not Found for ISBN 9780007506958
Fri Dec 14, 14-37-35 : Completed run, Files checked is 763 and Errors on this run are 0 and no key File found is 1335103518
